# JRE version: OpenJDK Runtime Environment JBR-21.0.6+9-895.109-jcef (21.0.6+9) (build 21.0.6+9-b895.109)
# Java VM: OpenJDK 64-Bit Server VM JBR-21.0.6+9-895.109-jcef (21.0.6+9-b895.109, mixed mode, sharing, tiered, compressed oops, compressed class ptrs, g1 gc, bsd-aarch64)
GC Precious Log:
 CardTable entry size: 512
 Card Set container configuration: InlinePtr #cards 4 size 8 Array Of Cards #cards 16 size 48 Howl #buckets 8 coarsen threshold 3686 Howl Bitmap #cards 512 size 80 coarsen threshold 460 Card regions per heap region 1 cards per card region 4096
 CPUs: 8 total, 8 available
 Memory: 16384M
 Large Page Support: Disabled
 NUMA Support: Disabled
 Compressed Oops: Enabled (Zero based)
 Heap Region Size: 2M
 Heap Min Capacity: 8M
 Heap Initial Capacity: 256M
 Heap Max Capacity: 4G
 Pre-touch: Disabled
 Parallel Workers: 8
 Concurrent Workers: 2
 Concurrent Refinement Workers: 8
 Periodic GC: Disabled
Heap:
 garbage-first heap   total 61440K, used 34564K [0x0000000700000000, 0x0000000800000000)
  region size 2048K, 11 young (22528K), 2 survivors (4096K)
 Metaspace       used 36838K, committed 37376K, reserved 1114112K
  class space    used 3796K, committed 4032K, reserved 1048576K
GC Heap History (16 events):
Event: 0.269 GC heap before
{Heap before GC invocations=0 (full 0):
 garbage-first heap   total 264192K, used 21532K [0x0000000700000000, 0x0000000800000000)
  region size 2048K, 11 young (22528K), 0 survivors (0K)
 Metaspace       used 6268K, committed 6528K, reserved 1114112K
  class space    used 570K, committed 704K, reserved 1048576K
}
Event: 0.271 GC heap after
{Heap after GC invocations=1 (full 0):
 garbage-first heap   total 264192K, used 5000K [0x0000000700000000, 0x0000000800000000)
  region size 2048K, 2 young (4096K), 2 survivors (4096K)
 Metaspace       used 6268K, committed 6528K, reserved 1114112K
  class space    used 570K, committed 704K, reserved 1048576K
}
Event: 1.044 GC heap before
{Heap before GC invocations=1 (full 0):
 garbage-first heap   total 264192K, used 48008K [0x0000000700000000, 0x0000000800000000)
  region size 2048K, 24 young (49152K), 2 survivors (4096K)
 Metaspace       used 16751K, committed 17024K, reserved 1114112K
  class space    used 1628K, committed 1728K, reserved 1048576K
}
Event: 1.049 GC heap after
{Heap after GC invocations=2 (full 0):
 garbage-first heap   total 264192K, used 9922K [0x0000000700000000, 0x0000000800000000)
  region size 2048K, 3 young (6144K), 3 survivors (6144K)
 Metaspace       used 16751K, committed 17024K, reserved 1114112K
  class space    used 1628K, committed 1728K, reserved 1048576K
}
Event: 1.266 GC heap before
{Heap before GC invocations=2 (full 0):
 garbage-first heap   total 264192K, used 26306K [0x0000000700000000, 0x0000000800000000)
  region size 2048K, 13 young (26624K), 3 survivors (6144K)
 Metaspace       used 21224K, committed 21504K, reserved 1114112K
  class space    used 2089K, committed 2240K, reserved 1048576K
}
Event: 1.270 GC heap after
{Heap after GC invocations=3 (full 0):
 garbage-first heap   total 264192K, used 10335K [0x0000000700000000, 0x0000000800000000)
  region size 2048K, 3 young (6144K), 3 survivors (6144K)
 Metaspace       used 21224K, committed 21504K, reserved 1114112K
  class space    used 2089K, committed 2240K, reserved 1048576K
}
Event: 1.481 GC heap before
{Heap before GC invocations=4 (full 0):
 garbage-first heap   total 40960K, used 39007K [0x0000000700000000, 0x0000000800000000)
  region size 2048K, 17 young (34816K), 3 survivors (6144K)
 Metaspace       used 25442K, committed 25728K, reserved 1114112K
  class space    used 2558K, committed 2688K, reserved 1048576K
}
Event: 1.485 GC heap after
{Heap after GC invocations=5 (full 0):
 garbage-first heap   total 49152K, used 11947K [0x0000000700000000, 0x0000000800000000)
  region size 2048K, 4 young (8192K), 4 survivors (8192K)
 Metaspace       used 25442K, committed 25728K, reserved 1114112K
  class space    used 2558K, committed 2688K, reserved 1048576K
}
Event: 1.571 GC heap before
{Heap before GC invocations=5 (full 0):
 garbage-first heap   total 49152K, used 32427K [0x0000000700000000, 0x0000000800000000)
  region size 2048K, 14 young (28672K), 4 survivors (8192K)
 Metaspace       used 26978K, committed 27328K, reserved 1114112K
  class space    used 2719K, committed 2880K, reserved 1048576K
}
Event: 1.577 GC heap after
{Heap after GC invocations=6 (full 0):
 garbage-first heap   total 49152K, used 14083K [0x0000000700000000, 0x0000000800000000)
  region size 2048K, 2 young (4096K), 2 survivors (4096K)
 Metaspace       used 26978K, committed 27328K, reserved 1114112K
  class space    used 2719K, committed 2880K, reserved 1048576K
}
Event: 1.916 GC heap before
{Heap before GC invocations=6 (full 0):
 garbage-first heap   total 49152K, used 36611K [0x0000000700000000, 0x0000000800000000)
  region size 2048K, 14 young (28672K), 2 survivors (4096K)
 Metaspace       used 29971K, committed 30400K, reserved 1114112K
  class space    used 3048K, committed 3264K, reserved 1048576K
}
Event: 1.965 GC heap after
{Heap after GC invocations=7 (full 0):
 garbage-first heap   total 49152K, used 16019K [0x0000000700000000, 0x0000000800000000)
  region size 2048K, 2 young (4096K), 2 survivors (4096K)
 Metaspace       used 29971K, committed 30400K, reserved 1114112K
  class space    used 3048K, committed 3264K, reserved 1048576K
}
Event: 5.653 GC heap before
{Heap before GC invocations=7 (full 0):
 garbage-first heap   total 49152K, used 38547K [0x0000000700000000, 0x0000000800000000)
  region size 2048K, 13 young (26624K), 2 survivors (4096K)
 Metaspace       used 33576K, committed 33984K, reserved 1114112K
  class space    used 3471K, committed 3648K, reserved 1048576K
}
Event: 5.666 GC heap after
{Heap after GC invocations=8 (full 0):
 garbage-first heap   total 155648K, used 18180K [0x0000000700000000, 0x0000000800000000)
  region size 2048K, 2 young (4096K), 2 survivors (4096K)
 Metaspace       used 33576K, committed 33984K, reserved 1114112K
  class space    used 3471K, committed 3648K, reserved 1048576K
}
Event: 8.736 GC heap before
{Heap before GC invocations=8 (full 0):
 garbage-first heap   total 155648K, used 26372K [0x0000000700000000, 0x0000000800000000)
  region size 2048K, 7 young (14336K), 2 survivors (4096K)
 Metaspace       used 35500K, committed 35968K, reserved 1114112K
  class space    used 3710K, committed 3904K, reserved 1048576K
}
Event: 8.774 GC heap after
{Heap after GC invocations=9 (full 0):
 garbage-first heap   total 155648K, used 18180K [0x0000000700000000, 0x0000000800000000)
  region size 2048K, 2 young (4096K), 2 survivors (4096K)
 Metaspace       used 35500K, committed 35968K, reserved 1114112K
  class space    used 3710K, committed 3904K, reserved 1048576K
}

